Using pre-set license
Built from '2021.1/staging' branch; Version is '2021.1.20f1 (be552157821d) revision 12473633'; Using compiler version '192528614'; Build Type 'Release'
OS: 'Windows 10 Home; OS build 19042.1526; Version 2009; 64bit' Language: 'ko' Physical Memory: 8010 MB
BatchMode: 1, IsHumanControllingUs: 0, StartBugReporterOnCrash: 0, Is64bit: 1, IsPro: 0

COMMAND LINE ARGUMENTS:
C:\Program Files\Unity\2021.1.20f1\Editor\Unity.exe
-adb2
-batchMode
-noUpm
-name
AssetImportWorker4
-projectPath
C:/Users/gil52/OneDrive/문서/GitHub/Aura2_Test_Project
-logFile
Logs/AssetImportWorker4.log
-srvPort
10267
Successfully changed project path to: C:/Users/gil52/OneDrive/문서/GitHub/Aura2_Test_Project
C:/Users/gil52/OneDrive/문서/GitHub/Aura2_Test_Project
Using Asset Import Pipeline V2.
Refreshing native plugins compatible for Editor in 263.65 ms, found 3 plugins.
Preloading 0 native plugins for Editor in 0.00 ms.
Initialize engine version: 2021.1.20f1 (be552157821d)
[Subsystems] Discovering subsystems at path C:/Program Files/Unity/2021.1.20f1/Editor/Data/Resources/UnitySubsystems
[Subsystems] Discovering subsystems at path C:/Users/gil52/OneDrive/문서/GitHub/Aura2_Test_Project/Assets
GfxDevice: creating device client; threaded=0; jobified=0
Direct3D:
    Version:  Direct3D 11.0 [level 11.1]
    Renderer: NVIDIA GeForce GTX 1650 Ti (ID=0x1f95)
    Vendor:   NVIDIA
    VRAM:     3962 MB
    Driver:   26.21.14.4223
Initialize mono
Mono path[0] = 'C:/Program Files/Unity/2021.1.20f1/Editor/Data/Managed'
Mono path[1] = 'C:/Program Files/Unity/2021.1.20f1/Editor/Data/MonoBleedingEdge/lib/mono/unityjit'
Mono config path = 'C:/Program Files/Unity/2021.1.20f1/Editor/Data/MonoBleedingEdge/etc'
Using monoOptions --debugger-agent=transport=dt_socket,embedding=1,server=y,suspend=n,address=127.0.0.1:56712
Begin MonoManager ReloadAssembly
Registering precompiled unity dll's ...
Register platform support module: C:/Program Files/Unity/2021.1.20f1/Editor/Data/PlaybackEngines/WindowsStandaloneSupport/UnityEditor.WindowsStandalone.Extensions.dll
Registered in 0.004575 seconds.
Native extension for WindowsStandalone target not found
Refreshing native plugins compatible for Editor in 295.06 ms, found 3 plugins.
Preloading 0 native plugins for Editor in 0.00 ms.
Mono: successfully reloaded assembly
- Completed reload, in  3.057 seconds
Domain Reload Profiling:
	ReloadAssembly (3058ms)
		BeginReloadAssembly (121ms)
			ExecutionOrderSort (0ms)
			DisableScriptedObjects (0ms)
			BackupInstance (0ms)
			ReleaseScriptingObjects (0ms)
			CreateAndSetChildDomain (2ms)
		EndReloadAssembly (1135ms)
			LoadAssemblies (117ms)
			RebuildTransferFunctionScriptingTraits (0ms)
			SetupTypeCache (388ms)
			ReleaseScriptCaches (0ms)
			RebuildScriptCaches (79ms)
			SetupLoadedEditorAssemblies (557ms)
				LogAssemblyErrors (0ms)
				InitializePlatformSupportModulesInManaged (24ms)
				SetLoadedEditorAssemblies (1ms)
				RefreshPlugins (295ms)
				BeforeProcessingInitializeOnLoad (2ms)
				ProcessInitializeOnLoadAttributes (173ms)
				ProcessInitializeOnLoadMethodAttributes (60ms)
				AfterProcessingInitializeOnLoad (0ms)
				EditorAssembliesLoaded (0ms)
			ExecutionOrderSort2 (0ms)
			AwakeInstancesAfterBackupRestoration (0ms)
Platform modules already initialized, skipping
Registering precompiled user dll's ...
Registered in 0.012868 seconds.
Begin MonoManager ReloadAssembly
Symbol file LoadedFromMemory doesn't match image C:\Users\gil52\OneDrive\문서\GitHub\Aura2_Test_Project\Library\PackageCache\com.unity.visualscripting@1.6.1\Editor\VisualScripting.Core\Dependencies\YamlDotNet\Unity.VisualScripting.YamlDotNet.dll
Symbol file LoadedFromMemory doesn't match image C:\Users\gil52\OneDrive\문서\GitHub\Aura2_Test_Project\Library\PackageCache\com.unity.visualscripting@1.6.1\Editor\VisualScripting.Core\Dependencies\DotNetZip\Unity.VisualScripting.IonicZip.dll
Native extension for WindowsStandalone target not found
Refreshing native plugins compatible for Editor in 169.40 ms, found 3 plugins.
Preloading 0 native plugins for Editor in 0.00 ms.
Mono: successfully reloaded assembly
- Completed reload, in  2.055 seconds
Domain Reload Profiling:
	ReloadAssembly (2056ms)
		BeginReloadAssembly (223ms)
			ExecutionOrderSort (0ms)
			DisableScriptedObjects (5ms)
			BackupInstance (0ms)
			ReleaseScriptingObjects (0ms)
			CreateAndSetChildDomain (26ms)
		EndReloadAssembly (1739ms)
			LoadAssemblies (126ms)
			RebuildTransferFunctionScriptingTraits (0ms)
			SetupTypeCache (659ms)
			ReleaseScriptCaches (3ms)
			RebuildScriptCaches (99ms)
			SetupLoadedEditorAssemblies (695ms)
				LogAssemblyErrors (0ms)
				InitializePlatformSupportModulesInManaged (4ms)
				SetLoadedEditorAssemblies (0ms)
				RefreshPlugins (170ms)
				BeforeProcessingInitializeOnLoad (126ms)
				ProcessInitializeOnLoadAttributes (374ms)
				ProcessInitializeOnLoadMethodAttributes (9ms)
				AfterProcessingInitializeOnLoad (12ms)
				EditorAssembliesLoaded (0ms)
			ExecutionOrderSort2 (0ms)
			AwakeInstancesAfterBackupRestoration (12ms)
Platform modules already initialized, skipping
========================================================================
Worker process is ready to serve import requests
Launched and connected shader compiler UnityShaderCompiler.exe after 0.09 seconds
Refreshing native plugins compatible for Editor in 4.58 ms, found 3 plugins.
Preloading 0 native plugins for Editor in 0.00 ms.
Unloading 5214 Unused Serialized files (Serialized files now loaded: 0)
System memory in use before: 210.6 MB.
System memory in use after: 210.7 MB.

Unloading 29 unused Assets to reduce memory usage. Loaded Objects now: 5690.
Total: 6.305700 ms (FindLiveObjects: 0.854800 ms CreateObjectMapping: 0.538400 ms MarkObjects: 4.653600 ms  DeleteObjects: 0.257100 ms)

AssetImportParameters requested are different than current active one (requested -> active):
  custom:framework-win-MediaFoundation: 216162199b28c13a410421893ffa2e32 -> 
  custom:video-decoder-ogg-theora: a1e56fd34408186e4bbccfd4996cb3dc -> 
  custom:container-muxer-webm: aa71ff27fc2769a1b78a27578f13a17b -> 
  custom:container-demuxer-webm: 4f35f7cbe854078d1ac9338744f61a02 -> 
  custom:container-demuxer-ogg: 62fdf1f143b41e24485cea50d1cbac27 -> 
  custom:video-encoder-webm-vp8: eb34c28f22e8b96e1ab97ce403110664 -> 
  custom:video-decoder-webm-vp8: 9c59270c3fd7afecdb556c50c9e8de78 -> 
  custom:audio-decoder-ogg-vorbis: bf7c407c2cedff20999df2af8eb42d56 -> 
  custom:audio-encoder-webm-vorbis: bf7c407c2cedff20999df2af8eb42d56 -> 
========================================================================
Received Import Request.
  path: Assets/6GabrielAguiarProductions/Prefabs/VFXGraphs/vfxgraph_IceAttack02.vfx
  artifactKey: Guid(f5ab2bf27017a104d863b67b6695cd61) Importer(815301076,1909f56bfc062723c751e8b465ee728b)
Start importing Assets/6GabrielAguiarProductions/Prefabs/VFXGraphs/vfxgraph_IceAttack02.vfx using Guid(f5ab2bf27017a104d863b67b6695cd61) Importer(815301076,1909f56bfc062723c751e8b465ee728b)  -> (artifact id: '9fa8a66891191977b4801a234dd4ee48') in 0.063557 seconds 
========================================================================
Received Import Request.
  Time since last request: 28.486784 seconds.
  path: Assets/6GabrielAguiarProductions/Prefabs/vfx_IceAttack01_v3_AoE.prefab
  artifactKey: Guid(88f9326b23ca5aa4ba27a9da840307ae) Importer(815301076,1909f56bfc062723c751e8b465ee728b)
Start importing Assets/6GabrielAguiarProductions/Prefabs/vfx_IceAttack01_v3_AoE.prefab using Guid(88f9326b23ca5aa4ba27a9da840307ae) Importer(815301076,1909f56bfc062723c751e8b465ee728b)  -> (artifact id: '10a7ef3019ba91531863f782a07574cc') in 0.739755 seconds 
========================================================================
Received Import Request.
  Time since last request: 0.000746 seconds.
  path: Assets/6GabrielAguiarProductions/Prefabs/vfx_IceAttack02_v1.prefab
  artifactKey: Guid(ccd5c8deed753734eaf8026c531a156c) Importer(815301076,1909f56bfc062723c751e8b465ee728b)
Start importing Assets/6GabrielAguiarProductions/Prefabs/vfx_IceAttack02_v1.prefab using Guid(ccd5c8deed753734eaf8026c531a156c) Importer(815301076,1909f56bfc062723c751e8b465ee728b)  -> (artifact id: 'cad19544d4858aad4e36f4299c521e97') in 0.122512 seconds 
========================================================================
Received Import Request.
  Time since last request: 0.000886 seconds.
  path: Assets/6GabrielAguiarProductions/Prefabs/vfx_IceAttack02_v2_orange.prefab
  artifactKey: Guid(2c8c7c24dc17f0c49afa3ad9e0b9d9a0) Importer(815301076,1909f56bfc062723c751e8b465ee728b)
Start importing Assets/6GabrielAguiarProductions/Prefabs/vfx_IceAttack02_v2_orange.prefab using Guid(2c8c7c24dc17f0c49afa3ad9e0b9d9a0) Importer(815301076,1909f56bfc062723c751e8b465ee728b)  -> (artifact id: '9f6ddf002af039600fb22982e3ca19d0') in 0.130612 seconds 
========================================================================
Received Import Request.
  Time since last request: 0.001342 seconds.
  path: Assets/6GabrielAguiarProductions/Prefabs/vfx_IceAttack02_v3_AoE.prefab
  artifactKey: Guid(9db80a1b9e65f1545941e8805d841b32) Importer(815301076,1909f56bfc062723c751e8b465ee728b)
Start importing Assets/6GabrielAguiarProductions/Prefabs/vfx_IceAttack02_v3_AoE.prefab using Guid(9db80a1b9e65f1545941e8805d841b32) Importer(815301076,1909f56bfc062723c751e8b465ee728b)  -> (artifact id: '782ec00e9b296d5def173aef3fcb2193') in 0.158104 seconds 
========================================================================
Received Import Request.
  Time since last request: 0.002222 seconds.
  path: Assets/6GabrielAguiarProductions/Prefabs/vfx_IceAttack03_v1.prefab
  artifactKey: Guid(801943c2e0e4cb447b8f6b2d3a3d4aa3) Importer(815301076,1909f56bfc062723c751e8b465ee728b)
Start importing Assets/6GabrielAguiarProductions/Prefabs/vfx_IceAttack03_v1.prefab using Guid(801943c2e0e4cb447b8f6b2d3a3d4aa3) Importer(815301076,1909f56bfc062723c751e8b465ee728b)  -> (artifact id: '3419c7b55db40f6b97984d32d563c9b1') in 0.091074 seconds 
========================================================================
Received Prepare
Registering precompiled user dll's ...
Registered in 0.019223 seconds.
Begin MonoManager ReloadAssembly
Symbol file LoadedFromMemory doesn't match image C:\Users\gil52\OneDrive\문서\GitHub\Aura2_Test_Project\Library\PackageCache\com.unity.visualscripting@1.6.1\Editor\VisualScripting.Core\Dependencies\YamlDotNet\Unity.VisualScripting.YamlDotNet.dll
Symbol file LoadedFromMemory doesn't match image C:\Users\gil52\OneDrive\문서\GitHub\Aura2_Test_Project\Library\PackageCache\com.unity.visualscripting@1.6.1\Editor\VisualScripting.Core\Dependencies\DotNetZip\Unity.VisualScripting.IonicZip.dll
Native extension for WindowsStandalone target not found
Refreshing native plugins compatible for Editor in 2.63 ms, found 3 plugins.
Preloading 0 native plugins for Editor in 0.00 ms.
Mono: successfully reloaded assembly
- Completed reload, in  3.415 seconds
Domain Reload Profiling:
	ReloadAssembly (3416ms)
		BeginReloadAssembly (435ms)
			ExecutionOrderSort (0ms)
			DisableScriptedObjects (17ms)
			BackupInstance (0ms)
			ReleaseScriptingObjects (0ms)
			CreateAndSetChildDomain (140ms)
		EndReloadAssembly (2817ms)
			LoadAssemblies (364ms)
			RebuildTransferFunctionScriptingTraits (0ms)
			SetupTypeCache (1430ms)
			ReleaseScriptCaches (2ms)
			RebuildScriptCaches (154ms)
			SetupLoadedEditorAssemblies (708ms)
				LogAssemblyErrors (0ms)
				InitializePlatformSupportModulesInManaged (22ms)
				SetLoadedEditorAssemblies (1ms)
				RefreshPlugins (3ms)
				BeforeProcessingInitializeOnLoad (128ms)
				ProcessInitializeOnLoadAttributes (535ms)
				ProcessInitializeOnLoadMethodAttributes (9ms)
				AfterProcessingInitializeOnLoad (9ms)
				EditorAssembliesLoaded (0ms)
			ExecutionOrderSort2 (0ms)
			AwakeInstancesAfterBackupRestoration (22ms)
Platform modules already initialized, skipping
Refreshing native plugins compatible for Editor in 1.94 ms, found 3 plugins.
Preloading 0 native plugins for Editor in 0.00 ms.
Unloading 5066 Unused Serialized files (Serialized files now loaded: 0)
System memory in use before: 206.0 MB.
System memory in use after: 206.1 MB.

Unloading 25 unused Assets to reduce memory usage. Loaded Objects now: 5737.
Total: 8.248500 ms (FindLiveObjects: 0.796900 ms CreateObjectMapping: 0.465600 ms MarkObjects: 5.911600 ms  DeleteObjects: 1.071900 ms)

AssetImportParameters requested are different than current active one (requested -> active):
  custom:framework-win-MediaFoundation: 216162199b28c13a410421893ffa2e32 -> 
  custom:video-decoder-ogg-theora: a1e56fd34408186e4bbccfd4996cb3dc -> 
  custom:container-muxer-webm: aa71ff27fc2769a1b78a27578f13a17b -> 
  custom:container-demuxer-webm: 4f35f7cbe854078d1ac9338744f61a02 -> 
  custom:container-demuxer-ogg: 62fdf1f143b41e24485cea50d1cbac27 -> 
  custom:video-encoder-webm-vp8: eb34c28f22e8b96e1ab97ce403110664 -> 
  custom:video-decoder-webm-vp8: 9c59270c3fd7afecdb556c50c9e8de78 -> 
  custom:audio-decoder-ogg-vorbis: bf7c407c2cedff20999df2af8eb42d56 -> 
  custom:audio-encoder-webm-vorbis: bf7c407c2cedff20999df2af8eb42d56 -> 
========================================================================
Received Import Request.
  Time since last request: 19.604156 seconds.
  path: Assets/6GabrielAguiarProductions/Prefabs/vfx_IceAttack02_v1.prefab
  artifactKey: Guid(ccd5c8deed753734eaf8026c531a156c) Importer(815301076,1909f56bfc062723c751e8b465ee728b)
Start importing Assets/6GabrielAguiarProductions/Prefabs/vfx_IceAttack02_v1.prefab using Guid(ccd5c8deed753734eaf8026c531a156c) Importer(815301076,1909f56bfc062723c751e8b465ee728b)  -> (artifact id: 'aacec004387e79467887ba14c454c618') in 0.789167 seconds 
========================================================================
Received Prepare
Registering precompiled user dll's ...
Registered in 0.014424 seconds.
Begin MonoManager ReloadAssembly
Symbol file LoadedFromMemory doesn't match image C:\Users\gil52\OneDrive\문서\GitHub\Aura2_Test_Project\Library\PackageCache\com.unity.visualscripting@1.6.1\Editor\VisualScripting.Core\Dependencies\YamlDotNet\Unity.VisualScripting.YamlDotNet.dll
Symbol file LoadedFromMemory doesn't match image C:\Users\gil52\OneDrive\문서\GitHub\Aura2_Test_Project\Library\PackageCache\com.unity.visualscripting@1.6.1\Editor\VisualScripting.Core\Dependencies\DotNetZip\Unity.VisualScripting.IonicZip.dll
Native extension for WindowsStandalone target not found
Refreshing native plugins compatible for Editor in 1.10 ms, found 3 plugins.
Preloading 0 native plugins for Editor in 0.00 ms.
Mono: successfully reloaded assembly
- Completed reload, in  2.743 seconds
Domain Reload Profiling:
	ReloadAssembly (2744ms)
		BeginReloadAssembly (451ms)
			ExecutionOrderSort (0ms)
			DisableScriptedObjects (19ms)
			BackupInstance (0ms)
			ReleaseScriptingObjects (1ms)
			CreateAndSetChildDomain (238ms)
		EndReloadAssembly (2192ms)
			LoadAssemblies (220ms)
			RebuildTransferFunctionScriptingTraits (0ms)
			SetupTypeCache (654ms)
			ReleaseScriptCaches (2ms)
			RebuildScriptCaches (110ms)
			SetupLoadedEditorAssemblies (1036ms)
				LogAssemblyErrors (0ms)
				InitializePlatformSupportModulesInManaged (5ms)
				SetLoadedEditorAssemblies (0ms)
				RefreshPlugins (1ms)
				BeforeProcessingInitializeOnLoad (145ms)
				ProcessInitializeOnLoadAttributes (835ms)
				ProcessInitializeOnLoadMethodAttributes (32ms)
				AfterProcessingInitializeOnLoad (16ms)
				EditorAssembliesLoaded (0ms)
			ExecutionOrderSort2 (0ms)
			AwakeInstancesAfterBackupRestoration (61ms)
Platform modules already initialized, skipping
Refreshing native plugins compatible for Editor in 1.74 ms, found 3 plugins.
Preloading 0 native plugins for Editor in 0.00 ms.
Unloading 5066 Unused Serialized files (Serialized files now loaded: 0)
System memory in use before: 206.1 MB.
System memory in use after: 206.2 MB.

Unloading 25 unused Assets to reduce memory usage. Loaded Objects now: 5775.
Total: 5.461500 ms (FindLiveObjects: 0.724900 ms CreateObjectMapping: 0.566600 ms MarkObjects: 3.900000 ms  DeleteObjects: 0.268100 ms)

AssetImportParameters requested are different than current active one (requested -> active):
  custom:framework-win-MediaFoundation: 216162199b28c13a410421893ffa2e32 -> 
  custom:video-decoder-ogg-theora: a1e56fd34408186e4bbccfd4996cb3dc -> 
  custom:container-muxer-webm: aa71ff27fc2769a1b78a27578f13a17b -> 
  custom:container-demuxer-webm: 4f35f7cbe854078d1ac9338744f61a02 -> 
  custom:container-demuxer-ogg: 62fdf1f143b41e24485cea50d1cbac27 -> 
  custom:video-encoder-webm-vp8: eb34c28f22e8b96e1ab97ce403110664 -> 
  custom:video-decoder-webm-vp8: 9c59270c3fd7afecdb556c50c9e8de78 -> 
  custom:audio-decoder-ogg-vorbis: bf7c407c2cedff20999df2af8eb42d56 -> 
  custom:audio-encoder-webm-vorbis: bf7c407c2cedff20999df2af8eb42d56 -> 
========================================================================
Received Import Request.
  Time since last request: 252.609491 seconds.
  path: Assets/Scripts/0Bari
  artifactKey: Guid(c5e975b5b10b2b744ab97cc6f394d798) Importer(815301076,1909f56bfc062723c751e8b465ee728b)
Start importing Assets/Scripts/0Bari using Guid(c5e975b5b10b2b744ab97cc6f394d798) Importer(815301076,1909f56bfc062723c751e8b465ee728b)  -> (artifact id: '12a2d3e5ddcc50687cc215c48faf5a48') in 0.028013 seconds 
========================================================================
Received Import Request.
  Time since last request: 7.504471 seconds.
  path: Assets/Scripts/0Bari/BariSkillManager.cs
  artifactKey: Guid(b35d2cb2685824c46a53ad63d9b7298a) Importer(815301076,1909f56bfc062723c751e8b465ee728b)
Start importing Assets/Scripts/0Bari/BariSkillManager.cs using Guid(b35d2cb2685824c46a53ad63d9b7298a) Importer(815301076,1909f56bfc062723c751e8b465ee728b)  -> (artifact id: '0c29022f4d82f0f3a722bfa2382c1e2d') in 0.022676 seconds 
========================================================================
Received Import Request.
  Time since last request: 117.096845 seconds.
  path: Assets/Scripts/0Bari/BariController.cs
  artifactKey: Guid(4e07c2fe646c76c44ae7f42a8d1e9631) Importer(815301076,1909f56bfc062723c751e8b465ee728b)
Start importing Assets/Scripts/0Bari/BariController.cs using Guid(4e07c2fe646c76c44ae7f42a8d1e9631) Importer(815301076,1909f56bfc062723c751e8b465ee728b)  -> (artifact id: '2e725e4b8bc3dfbc9792192c9fab72c8') in 0.024633 seconds 
========================================================================
Received Import Request.
  Time since last request: 107.053020 seconds.
  path: Assets/Scripts/0Bari/BariSkill.cs
  artifactKey: Guid(88226d2252d1b1740a1698463647e8df) Importer(815301076,1909f56bfc062723c751e8b465ee728b)
Start importing Assets/Scripts/0Bari/BariSkill.cs using Guid(88226d2252d1b1740a1698463647e8df) Importer(815301076,1909f56bfc062723c751e8b465ee728b)  -> (artifact id: 'aa2ec1a7bf49b5b3317c6cb347fe5e2e') in 0.040019 seconds 
========================================================================
Received Prepare
Registering precompiled user dll's ...
Registered in 0.007837 seconds.
Begin MonoManager ReloadAssembly
Symbol file LoadedFromMemory doesn't match image C:\Users\gil52\OneDrive\문서\GitHub\Aura2_Test_Project\Library\PackageCache\com.unity.visualscripting@1.6.1\Editor\VisualScripting.Core\Dependencies\YamlDotNet\Unity.VisualScripting.YamlDotNet.dll
Symbol file LoadedFromMemory doesn't match image C:\Users\gil52\OneDrive\문서\GitHub\Aura2_Test_Project\Library\PackageCache\com.unity.visualscripting@1.6.1\Editor\VisualScripting.Core\Dependencies\DotNetZip\Unity.VisualScripting.IonicZip.dll
Native extension for WindowsStandalone target not found
Refreshing native plugins compatible for Editor in 2.57 ms, found 3 plugins.
Preloading 0 native plugins for Editor in 0.00 ms.
Mono: successfully reloaded assembly
- Completed reload, in  3.231 seconds
Domain Reload Profiling:
	ReloadAssembly (3236ms)
		BeginReloadAssembly (672ms)
			ExecutionOrderSort (0ms)
			DisableScriptedObjects (15ms)
			BackupInstance (0ms)
			ReleaseScriptingObjects (1ms)
			CreateAndSetChildDomain (251ms)
		EndReloadAssembly (2339ms)
			LoadAssemblies (595ms)
			RebuildTransferFunctionScriptingTraits (0ms)
			SetupTypeCache (834ms)
			ReleaseScriptCaches (9ms)
			RebuildScriptCaches (101ms)
			SetupLoadedEditorAssemblies (645ms)
				LogAssemblyErrors (0ms)
				InitializePlatformSupportModulesInManaged (10ms)
				SetLoadedEditorAssemblies (3ms)
				RefreshPlugins (3ms)
				BeforeProcessingInitializeOnLoad (148ms)
				ProcessInitializeOnLoadAttributes (449ms)
				ProcessInitializeOnLoadMethodAttributes (16ms)
				AfterProcessingInitializeOnLoad (15ms)
				EditorAssembliesLoaded (1ms)
			ExecutionOrderSort2 (0ms)
			AwakeInstancesAfterBackupRestoration (47ms)
Platform modules already initialized, skipping
Refreshing native plugins compatible for Editor in 3.96 ms, found 3 plugins.
Preloading 0 native plugins for Editor in 0.00 ms.
Unloading 5066 Unused Serialized files (Serialized files now loaded: 0)
System memory in use before: 206.1 MB.
System memory in use after: 206.2 MB.

Unloading 24 unused Assets to reduce memory usage. Loaded Objects now: 5777.
Total: 10.242900 ms (FindLiveObjects: 1.484800 ms CreateObjectMapping: 1.492000 ms MarkObjects: 6.953400 ms  DeleteObjects: 0.310600 ms)

AssetImportParameters requested are different than current active one (requested -> active):
  custom:framework-win-MediaFoundation: 216162199b28c13a410421893ffa2e32 -> 
  custom:video-decoder-ogg-theora: a1e56fd34408186e4bbccfd4996cb3dc -> 
  custom:container-muxer-webm: aa71ff27fc2769a1b78a27578f13a17b -> 
  custom:container-demuxer-webm: 4f35f7cbe854078d1ac9338744f61a02 -> 
  custom:container-demuxer-ogg: 62fdf1f143b41e24485cea50d1cbac27 -> 
  custom:video-encoder-webm-vp8: eb34c28f22e8b96e1ab97ce403110664 -> 
  custom:video-decoder-webm-vp8: 9c59270c3fd7afecdb556c50c9e8de78 -> 
  custom:audio-decoder-ogg-vorbis: bf7c407c2cedff20999df2af8eb42d56 -> 
  custom:audio-encoder-webm-vorbis: bf7c407c2cedff20999df2af8eb42d56 -> 
AssetImportWorkerClient::OnTransportError - code=2 error=End of file
